<?xml version="1.0" encoding="UTF-8"?>
<!-- Generated by org.testng.reporters.JUnitReportReporter -->
<testsuite skipped="0" hostname="DS-PG020YBA" name="rest1.Get1Test" tests="1" failures="0" timestamp="08 Apr 2022 06:48:51 GMT" time="2.387" errors="0">
  <testcase name="add1" time="2.387" classname="rest1.Get1Test"/>
</testsuite> <!-- rest1.Get1Test -->
