<?xml version="1.0" encoding="UTF-8"?>
<!-- Generated by org.testng.reporters.JUnitReportReporter -->
<testsuite skipped="0" hostname="DS-PG020YBA" name="rest1.Authorization1" tests="1" failures="0" timestamp="08 Apr 2022 06:59:28 GMT" time="2.762" errors="0">
  <testcase name="auth" time="2.762" classname="rest1.Authorization1"/>
</testsuite> <!-- rest1.Authorization1 -->
