<?xml version="1.0" encoding="UTF-8"?>
<!-- Generated by org.testng.reporters.JUnitReportReporter -->
<testsuite skipped="0" hostname="DS-PG020YBA" name="rest1.Post1" tests="1" failures="0" timestamp="08 Apr 2022 06:48:51 GMT" time="0.874" errors="0">
  <testcase name="t1" time="0.874" classname="rest1.Post1"/>
</testsuite> <!-- rest1.Post1 -->
